07:42:46.978 [main] DEBUG - Parsing relationship: /_rels/.rels
07:42:47.000 [main] DEBUG - using default POIXMLDocumentPart for http://schemas.openxmlformats.org/officeDocument/2006/relationships/printerSettings
07:43:02.204 [main] INFO  - Goto my account-->Click on Login.. 
07:43:02.768 [main] DEBUG - Parsing relationship: /xl/_rels/workbook.xml.rels
07:43:02.771 [main] DEBUG - Parsing relationship: /xl/worksheets/_rels/sheet1.xml.rels
07:43:02.772 [main] DEBUG - Parsing relationship: /_rels/.rels
07:43:02.783 [main] DEBUG - using default POIXMLDocumentPart for http://schemas.openxmlformats.org/officeDocument/2006/relationships/printerSettings
07:43:18.446 [main] INFO  - Goto my account-->Click on Login.. 
07:43:19.010 [main] DEBUG - Parsing relationship: /xl/_rels/workbook.xml.rels
07:43:19.012 [main] DEBUG - Parsing relationship: /xl/worksheets/_rels/sheet1.xml.rels
07:43:19.013 [main] DEBUG - Parsing relationship: /_rels/.rels
07:43:19.027 [main] DEBUG - using default POIXMLDocumentPart for http://schemas.openxmlformats.org/officeDocument/2006/relationships/printerSettings
07:50:24.166 [main] INFO  - Goto my account-->Click on Login.. 
07:50:24.723 [main] INFO  - Entering email and password.. 
07:50:25.689 [main] INFO  - clicked on login button...
07:52:42.486 [main] INFO  - Goto my account-->Click on Login.. 
07:52:42.985 [main] INFO  - Entering email and password.. 
07:52:43.714 [main] INFO  - clicked on login button...
07:55:08.684 [main] INFO  - Goto my account-->Click on Login.. 
07:55:09.306 [main] INFO  - Entering email and password.. 
07:55:10.334 [main] INFO  - clicked on login button...
07:58:17.907 [main] INFO  - Goto my account-->Click on Login.. 
07:58:18.457 [main] INFO  - Entering email and password.. 
07:58:19.518 [main] INFO  - clicked on login button...
07:58:53.684 [main] INFO  - Goto my account-->Click on Login.. 
07:58:54.303 [main] INFO  - Entering email and password.. 
07:58:55.417 [main] INFO  - clicked on login button...
08:02:13.596 [main] INFO  - Goto my account-->Click on Login.. 
08:02:14.126 [main] INFO  - Entering email and password.. 
08:02:15.149 [main] INFO  - clicked on login button...
08:04:47.286 [main] INFO  - Goto my account-->Click on Login.. 
08:04:47.822 [main] INFO  - Entering email and password.. 
08:04:48.799 [main] INFO  - clicked on login button...11:08:56.879 [main] INFO  - Goto my account-->Click on Login.. 
11:08:58.136 [main] INFO  - Entering email and password.. 
11:08:59.801 [main] INFO  - clicked on login button...
11:59:40.791 [main] INFO  - Goto my account-->Click on Login.. 
11:59:42.296 [main] INFO  - Entering email and password.. 
11:59:45.206 [main] INFO  - clicked on login button...
14:19:30.148 [main] INFO  - Goto my account-->Click on Login.. 
14:19:32.797 [main] INFO  - Entering email and password.. 
14:19:34.611 [main] INFO  - clicked on login button...
14:29:11.947 [main] INFO  - Goto my account-->Click on Login.. 
14:29:13.538 [main] INFO  - Entering email and password.. 
14:29:15.396 [main] INFO  - clicked on login button...
14:31:21.834 [main] INFO  - Goto my account-->Click on Login.. 
14:31:23.648 [main] INFO  - Entering email and password.. 
14:31:26.230 [main] INFO  - clicked on login button...
16:44:44.885 [main] INFO  - Goto my account-->Click on Login.. 
16:44:47.343 [main] INFO  - Entering email and password.. 
16:44:52.979 [main] INFO  - clicked on login button...
17:02:27.223 [main] INFO  - Goto my account-->Click on Login.. 
17:02:28.793 [main] INFO  - Entering email and password.. 
17:02:30.626 [main] INFO  - clicked on login button...
17:04:37.662 [main] INFO  - Goto my account-->Click on Login.. 
17:04:38.983 [main] INFO  - Entering email and password.. 
17:04:40.875 [main] INFO  - clicked on login button...
17:07:40.678 [main] INFO  - Goto my account-->Click on Login.. 
17:07:42.013 [main] INFO  - Entering email and password.. 
17:07:44.580 [main] INFO  - clicked on login button...
18:00:18.488 [main] INFO  - Goto my account-->Click on Login.. 
18:00:20.243 [main] INFO  - Entering email and password.. 
18:00:21.985 [main] INFO  - clicked on login button...
18:34:56.346 [main] INFO  - Goto my account-->Click on Login.. 
18:35:01.128 [main] INFO  - Entering email and password.. 
18:35:10.049 [main] INFO  - clicked on login button...
19:39:13.443 [main] INFO  - Goto my account-->Click on Login.. 
19:39:19.255 [main] INFO  - Entering email and password.. 
19:39:27.826 [main] INFO  - clicked on login button...
20:05:05.912 [main] INFO  - Goto my account-->Click on Login.. 
20:05:10.750 [main] INFO  - Entering email and password.. 
20:05:16.923 [main] INFO  - clicked on login button...
20:12:52.724 [main] INFO  - Goto my account-->Click on Login.. 
20:13:03.948 [main] INFO  - Entering email and password.. 
20:13:09.531 [main] INFO  - clicked on login button...
20:14:31.668 [main] INFO  - Goto my account-->Click on Login.. 
20:14:36.408 [main] INFO  - Entering email and password.. 
20:14:41.931 [main] INFO  - clicked on login button...
20:17:17.876 [main] INFO  - Goto my account-->Click on Login.. 
20:17:25.390 [main] INFO  - Entering email and password.. 
20:17:31.755 [main] INFO  - clicked on login button...
20:17:49.850 [main] INFO  - Goto my account-->Click on Login.. 
14:05:47.626 [main] INFO  - Goto my account-->Click on Login.. 
14:05:51.758 [main] INFO  - Entering email and password.. 
14:05:57.527 [main] INFO  - clicked on login button...
14:06:08.208 [main] INFO  - Goto my account-->Click on Login.. 
14:36:32.319 [main] INFO  - Goto my account-->Click on Login.. 
14:36:38.477 [main] INFO  - Entering email and password.. 
14:36:46.135 [main] INFO  - clicked on login button...
14:37:03.235 [main] INFO  - Goto my account-->Click on Login.. 
14:37:07.738 [main] INFO  - Entering email and password.. 
14:37:13.627 [main] INFO  - clicked on login button...
14:39:23.738 [main] INFO  - Goto my account-->Click on Login.. 
14:39:28.411 [main] INFO  - Entering email and password.. 
14:39:36.005 [main] INFO  - clicked on login button...
14:39:43.682 [main] INFO  - Goto my account-->Click on Login.. 
14:39:50.119 [main] INFO  - Entering email and password.. 
14:39:57.540 [main] INFO  - clicked on login button...
14:50:19.106 [main] INFO  - Goto my account-->Click on Login.. 
14:50:24.496 [main] INFO  - Entering email and password.. 
14:50:29.726 [main] INFO  - clicked on login button...
14:50:36.220 [main] INFO  - Goto my account-->Click on Login.. 
14:50:44.753 [main] INFO  - Entering email and password.. 
14:50:52.019 [main] INFO  - clicked on login button...
15:02:09.812 [main] INFO  - Goto my account-->Click on Login.. 
15:02:14.619 [main] INFO  - Entering email and password.. 
15:02:22.074 [main] INFO  - clicked on login button...
15:05:38.451 [main] INFO  - Goto my account-->Click on Login.. 
15:05:43.464 [main] INFO  - Entering email and password.. 
15:05:52.626 [main] INFO  - clicked on login button...
15:06:10.788 [main] INFO  - Goto my account-->Click on Login.. 
15:06:16.556 [main] INFO  - Entering email and password.. 
15:06:23.274 [main] INFO  - clicked on login button...
08:11:32.243 [main] INFO  - Goto my account-->Click on Login.. 
08:11:37.263 [main] INFO  - Entering email and password.. 
08:11:42.291 [main] INFO  - clicked on login button...
08:11:57.360 [main] INFO  - Goto my account-->Click on Login.. 
08:12:01.672 [main] INFO  - Entering email and password.. 
08:12:05.856 [main] INFO  - clicked on login button...
08:16:58.004 [main] INFO  - Goto my account-->Click on Login.. 
08:17:02.267 [main] INFO  - Entering email and password.. 
08:17:06.659 [main] INFO  - clicked on login button...
08:17:18.061 [main] INFO  - Goto my account-->Click on Login.. 
08:17:24.262 [main] INFO  - Entering email and password.. 
08:17:28.697 [main] INFO  - clicked on login button...
11:26:58.799 [main] INFO  - Goto my account-->Click on Login.. 
11:27:17.390 [main] INFO  - Goto my account-->Click on Login.. 
11:27:44.925 [main] INFO  - Goto my account-->Click on Login.. 
11:28:02.517 [main] INFO  - Goto my account-->Click on Login.. 
11:28:37.166 [main] INFO  - Goto my account-->Click on Login.. 
11:36:19.452 [main] INFO  - Goto my account-->Click on Login.. 
11:36:41.731 [main] INFO  - Goto my account-->Click on Login.. 
11:36:53.909 [main] INFO  - Goto my account-->Click on Login.. 
11:37:10.710 [main] INFO  - Goto my account-->Click on Login.. 
11:37:44.608 [main] INFO  - Goto my account-->Click on Login.. 
15:14:42.638 [main] INFO  - Goto my account-->Click on Login.. 
15:22:50.533 [main] INFO  - Goto my account-->Click on Login.. 
15:25:40.471 [main] INFO  - Goto my account-->Click on Login.. 
15:27:12.945 [main] INFO  - Goto my account-->Click on Login.. 
15:37:19.066 [main] INFO  - Goto my account-->Click on Login.. 
15:37:23.657 [main] DEBUG - Parsing relationship: /xl/_rels/workbook.xml.rels
15:37:23.663 [main] DEBUG - Parsing relationship: /xl/worksheets/_rels/sheet1.xml.rels
15:37:23.665 [main] DEBUG - Parsing relationship: /_rels/.rels
15:37:24.030 [main] TRACE - Loading type system org.apache.poi.schemas.ooxml.system.ooxml
15:37:24.037 [main] TRACE - Loading type system org.apache.xmlbeans.metadata.system.sXMLCONFIG
15:37:24.042 [main] TRACE - Loading type system org.apache.xmlbeans.metadata.system.sXMLLANG
15:37:24.043 [main] TRACE - Loading type system org.apache.xmlbeans.metadata.system.sXMLSCHEMA
15:37:24.045 [main] TRACE - Loading type system org.apache.xmlbeans.metadata.system.sXMLTOOLS
15:37:24.049 [main] TRACE - Reading unresolved handles for type system org.apache.xmlbeans.metadata.system.sXMLTOOLS
15:37:24.085 [main] TRACE - Finished loading type system org.apache.xmlbeans.metadata.system.sXMLTOOLS
15:37:24.088 [main] TRACE - Reading unresolved handles for type system org.apache.xmlbeans.metadata.system.sXMLSCHEMA
15:37:24.099 [main] TRACE - Finished loading type system org.apache.xmlbeans.metadata.system.sXMLSCHEMA
15:37:24.102 [main] TRACE - Reading unresolved handles for type system org.apache.xmlbeans.metadata.system.sXMLLANG
15:37:24.104 [main] TRACE - Finished loading type system org.apache.xmlbeans.metadata.system.sXMLLANG
15:37:24.106 [main] TRACE - Reading unresolved handles for type system org.apache.xmlbeans.metadata.system.sXMLCONFIG
15:37:24.109 [main] TRACE - Finished loading type system org.apache.xmlbeans.metadata.system.sXMLCONFIG
15:37:24.111 [main] TRACE - Reading unresolved handles for type system org.apache.poi.schemas.ooxml.system.ooxml
15:37:24.296 [main] TRACE - Finished loading type system org.apache.poi.schemas.ooxml.system.ooxml
15:37:24.299 [main] TRACE - Resolving type for handle themefd26doctype
15:37:24.449 [main] TRACE - Resolving type for handle stylesheet5d8bdoctype
15:37:24.472 [main] TRACE - Resolving type for handle ctstylesheet4257type
15:37:24.482 [main] TRACE - Resolving type for handle ctfonts6623type
15:37:24.489 [main] TRACE - Resolving type for handle ctfont14d8type
15:37:24.501 [main] TRACE - Resolving type for handle ctfills2c6ftype
15:37:24.505 [main] TRACE - Resolving type for handle ctfill550ctype
15:37:24.510 [main] TRACE - Resolving type for handle ctborders0d66type
15:37:24.514 [main] TRACE - Resolving type for handle ctborderf935type
15:37:24.521 [main] TRACE - Resolving type for handle ctcellxfs1322type
15:37:24.527 [main] TRACE - Resolving type for handle ctxf97f7type
15:37:24.534 [main] TRACE - Resolving type for handle ctcellstylexfsa81ftype
15:37:24.540 [main] TRACE - Resolving type for handle ctdxfsb26atype
15:37:24.548 [main] TRACE - Resolving type for handle cttablestyles872ftype
15:37:24.557 [main] TRACE - Resolving type for handle sstf81fdoctype
15:37:24.568 [main] TRACE - Resolving type for handle ctsst44f3type
15:37:24.587 [main] TRACE - Resolving type for handle ctrsta472type
15:37:24.618 [main] TRACE - Resolving type for handle workbookec17doctype
15:37:24.625 [main] TRACE - Resolving type for handle ctworkbook83c3type
15:37:24.633 [main] TRACE - Resolving type for handle ctsheets49fdtype
15:37:24.639 [main] TRACE - Resolving type for handle ctsheet4dbetype
15:37:24.645 [main] TRACE - Resolving type for handle strelationshipid1e94type
15:37:24.652 [main] TRACE - Resolving type for handle worksheetf539doctype
15:37:24.667 [main] TRACE - Resolving type for handle ctworksheet530dtype
15:37:24.690 [main] TRACE - Resolving type for handle ctcols627ctype
15:37:24.703 [main] TRACE - Resolving type for handle ctcola95ftype
15:37:24.741 [main] TRACE - Resolving type for handle ctsheetdata8408type
15:37:24.754 [main] TRACE - Resolving type for handle ctrowdd39type
15:37:24.765 [main] TRACE - Resolving type for handle ctcell842btype
15:37:24.782 [main] TRACE - Resolving type for handle stcellrefe4e0type
15:37:24.807 [main] TRACE - Resolving type for handle cthyperlinks6416type
15:37:24.814 [main] TRACE - Resolving type for handle cthyperlink0c85type
15:37:24.830 [main] TRACE - Resolving type for handle stxstringf179type
15:37:24.840 [main] TRACE - Resolving type for handle stcelltypebf95type
15:37:37.759 [main] INFO  - Goto my account-->Click on Login.. 
15:37:41.864 [main] DEBUG - Parsing relationship: /xl/_rels/workbook.xml.rels
15:37:41.866 [main] DEBUG - Parsing relationship: /xl/worksheets/_rels/sheet1.xml.rels
15:37:41.868 [main] DEBUG - Parsing relationship: /_rels/.rels
15:38:13.351 [main] INFO  - Goto my account-->Click on Login.. 
15:38:17.297 [main] DEBUG - Parsing relationship: /xl/_rels/workbook.xml.rels
15:38:17.300 [main] DEBUG - Parsing relationship: /xl/worksheets/_rels/sheet1.xml.rels
15:38:17.302 [main] DEBUG - Parsing relationship: /_rels/.rels
15:38:51.687 [main] INFO  - Goto my account-->Click on Login.. 
15:38:55.649 [main] DEBUG - Parsing relationship: /xl/_rels/workbook.xml.rels
15:38:55.651 [main] DEBUG - Parsing relationship: /xl/worksheets/_rels/sheet1.xml.rels
15:38:55.653 [main] DEBUG - Parsing relationship: /_rels/.rels
15:39:27.074 [main] INFO  - Goto my account-->Click on Login.. 
15:39:31.075 [main] DEBUG - Parsing relationship: /xl/_rels/workbook.xml.rels
15:39:31.077 [main] DEBUG - Parsing relationship: /xl/worksheets/_rels/sheet1.xml.rels
15:39:31.078 [main] DEBUG - Parsing relationship: /_rels/.rels
15:44:28.537 [main] INFO  - Goto my account-->Click on Login.. 
15:44:33.650 [main] DEBUG - Parsing relationship: /xl/_rels/workbook.xml.rels
15:44:33.657 [main] DEBUG - Parsing relationship: /xl/worksheets/_rels/sheet1.xml.rels
15:44:33.660 [main] DEBUG - Parsing relationship: /_rels/.rels
15:44:34.280 [main] TRACE - Loading type system org.apache.poi.schemas.ooxml.system.ooxml
15:44:34.285 [main] TRACE - Loading type system org.apache.xmlbeans.metadata.system.sXMLCONFIG
15:44:34.286 [main] TRACE - Loading type system org.apache.xmlbeans.metadata.system.sXMLLANG
15:44:34.287 [main] TRACE - Loading type system org.apache.xmlbeans.metadata.system.sXMLSCHEMA
15:44:34.288 [main] TRACE - Loading type system org.apache.xmlbeans.metadata.system.sXMLTOOLS
15:44:34.290 [main] TRACE - Reading unresolved handles for type system org.apache.xmlbeans.metadata.system.sXMLTOOLS
15:44:34.312 [main] TRACE - Finished loading type system org.apache.xmlbeans.metadata.system.sXMLTOOLS
15:44:34.314 [main] TRACE - Reading unresolved handles for type system org.apache.xmlbeans.metadata.system.sXMLSCHEMA
15:44:34.329 [main] TRACE - Finished loading type system org.apache.xmlbeans.metadata.system.sXMLSCHEMA
15:44:34.331 [main] TRACE - Reading unresolved handles for type system org.apache.xmlbeans.metadata.system.sXMLLANG
15:44:34.332 [main] TRACE - Finished loading type system org.apache.xmlbeans.metadata.system.sXMLLANG
15:44:34.336 [main] TRACE - Reading unresolved handles for type system org.apache.xmlbeans.metadata.system.sXMLCONFIG
15:44:34.337 [main] TRACE - Finished loading type system org.apache.xmlbeans.metadata.system.sXMLCONFIG
15:44:34.338 [main] TRACE - Reading unresolved handles for type system org.apache.poi.schemas.ooxml.system.ooxml
15:44:34.439 [main] TRACE - Finished loading type system org.apache.poi.schemas.ooxml.system.ooxml
15:44:34.441 [main] TRACE - Resolving type for handle themefd26doctype
15:44:34.558 [main] TRACE - Resolving type for handle stylesheet5d8bdoctype
15:44:34.578 [main] TRACE - Resolving type for handle ctstylesheet4257type
15:44:34.587 [main] TRACE - Resolving type for handle ctfonts6623type
15:44:34.594 [main] TRACE - Resolving type for handle ctfont14d8type
15:44:34.609 [main] TRACE - Resolving type for handle ctfills2c6ftype
15:44:34.614 [main] TRACE - Resolving type for handle ctfill550ctype
15:44:34.619 [main] TRACE - Resolving type for handle ctborders0d66type
15:44:34.624 [main] TRACE - Resolving type for handle ctborderf935type
15:44:34.631 [main] TRACE - Resolving type for handle ctcellxfs1322type
15:44:34.638 [main] TRACE - Resolving type for handle ctxf97f7type
15:44:34.643 [main] TRACE - Resolving type for handle ctcellstylexfsa81ftype
15:44:34.648 [main] TRACE - Resolving type for handle ctdxfsb26atype
15:44:34.656 [main] TRACE - Resolving type for handle cttablestyles872ftype
15:44:34.667 [main] TRACE - Resolving type for handle sstf81fdoctype
15:44:34.679 [main] TRACE - Resolving type for handle ctsst44f3type
15:44:34.695 [main] TRACE - Resolving type for handle ctrsta472type
15:44:34.729 [main] TRACE - Resolving type for handle workbookec17doctype
15:44:34.744 [main] TRACE - Resolving type for handle ctworkbook83c3type
15:44:34.757 [main] TRACE - Resolving type for handle ctsheets49fdtype
15:44:34.763 [main] TRACE - Resolving type for handle ctsheet4dbetype
15:44:34.769 [main] TRACE - Resolving type for handle strelationshipid1e94type
15:44:34.773 [main] TRACE - Resolving type for handle worksheetf539doctype
15:44:34.785 [main] TRACE - Resolving type for handle ctworksheet530dtype
15:44:34.801 [main] TRACE - Resolving type for handle ctcols627ctype
15:44:34.817 [main] TRACE - Resolving type for handle ctcola95ftype
15:44:34.882 [main] TRACE - Resolving type for handle ctsheetdata8408type
15:44:34.888 [main] TRACE - Resolving type for handle ctrowdd39type
15:44:34.900 [main] TRACE - Resolving type for handle ctcell842btype
15:44:34.915 [main] TRACE - Resolving type for handle stcellrefe4e0type
15:44:34.928 [main] TRACE - Resolving type for handle cthyperlinks6416type
15:44:34.957 [main] TRACE - Resolving type for handle cthyperlink0c85type
15:44:34.976 [main] TRACE - Resolving type for handle stxstringf179type
15:44:34.983 [main] TRACE - Resolving type for handle stcelltypebf95type
15:44:51.304 [main] INFO  - Goto my account-->Click on Login.. 
15:44:55.950 [main] DEBUG - Parsing relationship: /xl/_rels/workbook.xml.rels
15:44:55.956 [main] DEBUG - Parsing relationship: /xl/worksheets/_rels/sheet1.xml.rels
15:44:55.960 [main] DEBUG - Parsing relationship: /_rels/.rels
15:45:28.106 [main] INFO  - Goto my account-->Click on Login.. 
15:45:32.168 [main] DEBUG - Parsing relationship: /xl/_rels/workbook.xml.rels
15:45:32.170 [main] DEBUG - Parsing relationship: /xl/worksheets/_rels/sheet1.xml.rels
15:45:32.176 [main] DEBUG - Parsing relationship: /_rels/.rels
15:46:04.656 [main] INFO  - Goto my account-->Click on Login.. 
15:46:08.721 [main] DEBUG - Parsing relationship: /xl/_rels/workbook.xml.rels
15:46:08.723 [main] DEBUG - Parsing relationship: /xl/worksheets/_rels/sheet1.xml.rels
15:46:08.725 [main] DEBUG - Parsing relationship: /_rels/.rels
15:46:26.869 [main] INFO  - Goto my account-->Click on Login.. 
15:46:34.158 [main] DEBUG - Parsing relationship: /xl/_rels/workbook.xml.rels
15:46:34.161 [main] DEBUG - Parsing relationship: /xl/worksheets/_rels/sheet1.xml.rels
15:46:34.163 [main] DEBUG - Parsing relationship: /_rels/.rels
18:37:29.296 [main] INFO  - Goto my account-->Click on Login.. 
18:37:33.914 [main] INFO  - Entering email and password.. 
18:37:39.519 [main] INFO  - clicked on login button...
18:41:34.015 [main] INFO  - Goto my account-->Click on Login.. 
18:41:39.698 [main] INFO  - Entering email and password.. 
18:41:45.986 [main] INFO  - clicked on login button...
18:43:43.423 [main] INFO  - Goto my account-->Click on Login.. 
18:43:48.879 [main] DEBUG - Parsing relationship: /xl/_rels/workbook.xml.rels
18:43:48.889 [main] DEBUG - Parsing relationship: /xl/worksheets/_rels/sheet1.xml.rels
18:43:48.908 [main] DEBUG - Parsing relationship: /_rels/.rels
18:43:50.002 [main] TRACE - Loading type system org.apache.poi.schemas.ooxml.system.ooxml
18:43:50.009 [main] TRACE - Loading type system org.apache.xmlbeans.metadata.system.sXMLCONFIG
18:43:50.012 [main] TRACE - Loading type system org.apache.xmlbeans.metadata.system.sXMLLANG
18:43:50.013 [main] TRACE - Loading type system org.apache.xmlbeans.metadata.system.sXMLSCHEMA
18:43:50.015 [main] TRACE - Loading type system org.apache.xmlbeans.metadata.system.sXMLTOOLS
18:43:50.019 [main] TRACE - Reading unresolved handles for type system org.apache.xmlbeans.metadata.system.sXMLTOOLS
18:43:50.059 [main] TRACE - Finished loading type system org.apache.xmlbeans.metadata.system.sXMLTOOLS
18:43:50.063 [main] TRACE - Reading unresolved handles for type system org.apache.xmlbeans.metadata.system.sXMLSCHEMA
18:43:50.090 [main] TRACE - Finished loading type system org.apache.xmlbeans.metadata.system.sXMLSCHEMA
18:43:50.092 [main] TRACE - Reading unresolved handles for type system org.apache.xmlbeans.metadata.system.sXMLLANG
18:43:50.095 [main] TRACE - Finished loading type system org.apache.xmlbeans.metadata.system.sXMLLANG
18:43:50.098 [main] TRACE - Reading unresolved handles for type system org.apache.xmlbeans.metadata.system.sXMLCONFIG
18:43:50.100 [main] TRACE - Finished loading type system org.apache.xmlbeans.metadata.system.sXMLCONFIG
18:43:50.102 [main] TRACE - Reading unresolved handles for type system org.apache.poi.schemas.ooxml.system.ooxml
18:43:50.312 [main] TRACE - Finished loading type system org.apache.poi.schemas.ooxml.system.ooxml
18:43:50.321 [main] TRACE - Resolving type for handle themefd26doctype
18:43:50.475 [main] TRACE - Resolving type for handle stylesheet5d8bdoctype
18:43:50.514 [main] TRACE - Resolving type for handle ctstylesheet4257type
18:43:50.524 [main] TRACE - Resolving type for handle ctfonts6623type
18:43:50.532 [main] TRACE - Resolving type for handle ctfont14d8type
18:43:50.611 [main] TRACE - Resolving type for handle ctfills2c6ftype
18:43:50.634 [main] TRACE - Resolving type for handle ctfill550ctype
18:43:50.645 [main] TRACE - Resolving type for handle ctborders0d66type
18:43:50.658 [main] TRACE - Resolving type for handle ctborderf935type
18:43:50.675 [main] TRACE - Resolving type for handle ctcellxfs1322type
18:43:50.687 [main] TRACE - Resolving type for handle ctxf97f7type
18:43:50.694 [main] TRACE - Resolving type for handle ctcellstylexfsa81ftype
18:43:50.703 [main] TRACE - Resolving type for handle ctdxfsb26atype
18:43:50.711 [main] TRACE - Resolving type for handle cttablestyles872ftype
18:43:50.720 [main] TRACE - Resolving type for handle sstf81fdoctype
18:43:50.743 [main] TRACE - Resolving type for handle ctsst44f3type
18:43:50.770 [main] TRACE - Resolving type for handle ctrsta472type
18:43:50.820 [main] TRACE - Resolving type for handle workbookec17doctype
18:43:50.846 [main] TRACE - Resolving type for handle ctworkbook83c3type
18:43:50.858 [main] TRACE - Resolving type for handle ctsheets49fdtype
18:43:50.868 [main] TRACE - Resolving type for handle ctsheet4dbetype
18:43:50.874 [main] TRACE - Resolving type for handle strelationshipid1e94type
18:43:50.879 [main] TRACE - Resolving type for handle worksheetf539doctype
18:43:50.893 [main] TRACE - Resolving type for handle ctworksheet530dtype
18:43:50.919 [main] TRACE - Resolving type for handle ctcols627ctype
18:43:50.937 [main] TRACE - Resolving type for handle ctcola95ftype
18:43:50.996 [main] TRACE - Resolving type for handle ctsheetdata8408type
18:43:51.003 [main] TRACE - Resolving type for handle ctrowdd39type
18:43:51.018 [main] TRACE - Resolving type for handle ctcell842btype
18:43:51.037 [main] TRACE - Resolving type for handle stcellrefe4e0type
18:43:51.057 [main] TRACE - Resolving type for handle cthyperlinks6416type
18:43:51.067 [main] TRACE - Resolving type for handle cthyperlink0c85type
18:43:51.089 [main] TRACE - Resolving type for handle stxstringf179type
18:43:51.096 [main] TRACE - Resolving type for handle stcelltypebf95type
18:44:10.875 [main] INFO  - Goto my account-->Click on Login.. 
18:44:16.140 [main] DEBUG - Parsing relationship: /xl/_rels/workbook.xml.rels
18:44:16.146 [main] DEBUG - Parsing relationship: /xl/worksheets/_rels/sheet1.xml.rels
18:44:16.149 [main] DEBUG - Parsing relationship: /_rels/.rels
18:44:52.980 [main] INFO  - Goto my account-->Click on Login.. 
18:44:58.096 [main] DEBUG - Parsing relationship: /xl/_rels/workbook.xml.rels
18:44:58.103 [main] DEBUG - Parsing relationship: /xl/worksheets/_rels/sheet1.xml.rels
18:44:58.105 [main] DEBUG - Parsing relationship: /_rels/.rels
18:45:48.037 [main] INFO  - Goto my account-->Click on Login.. 
18:45:54.640 [main] DEBUG - Parsing relationship: /xl/_rels/workbook.xml.rels
18:45:54.643 [main] DEBUG - Parsing relationship: /xl/worksheets/_rels/sheet1.xml.rels
18:45:54.645 [main] DEBUG - Parsing relationship: /_rels/.rels
18:46:39.064 [main] INFO  - Goto my account-->Click on Login.. 
18:46:45.650 [main] DEBUG - Parsing relationship: /xl/_rels/workbook.xml.rels
18:46:45.653 [main] DEBUG - Parsing relationship: /xl/worksheets/_rels/sheet1.xml.rels
18:46:45.666 [main] DEBUG - Parsing relationship: /_rels/.rels
19:01:04.428 [main] INFO  - Goto my account-->Click on Login.. 
19:01:09.876 [main] DEBUG - Parsing relationship: /xl/_rels/workbook.xml.rels
19:01:09.884 [main] DEBUG - Parsing relationship: /xl/worksheets/_rels/sheet1.xml.rels
19:01:09.888 [main] DEBUG - Parsing relationship: /_rels/.rels
19:01:10.333 [main] TRACE - Loading type system org.apache.poi.schemas.ooxml.system.ooxml
19:01:10.339 [main] TRACE - Loading type system org.apache.xmlbeans.metadata.system.sXMLCONFIG
19:01:10.342 [main] TRACE - Loading type system org.apache.xmlbeans.metadata.system.sXMLLANG
19:01:10.343 [main] TRACE - Loading type system org.apache.xmlbeans.metadata.system.sXMLSCHEMA
19:01:10.344 [main] TRACE - Loading type system org.apache.xmlbeans.metadata.system.sXMLTOOLS
19:01:10.347 [main] TRACE - Reading unresolved handles for type system org.apache.xmlbeans.metadata.system.sXMLTOOLS
19:01:10.376 [main] TRACE - Finished loading type system org.apache.xmlbeans.metadata.system.sXMLTOOLS
19:01:10.380 [main] TRACE - Reading unresolved handles for type system org.apache.xmlbeans.metadata.system.sXMLSCHEMA
19:01:10.407 [main] TRACE - Finished loading type system org.apache.xmlbeans.metadata.system.sXMLSCHEMA
19:01:10.409 [main] TRACE - Reading unresolved handles for type system org.apache.xmlbeans.metadata.system.sXMLLANG
19:01:10.411 [main] TRACE - Finished loading type system org.apache.xmlbeans.metadata.system.sXMLLANG
19:01:10.413 [main] TRACE - Reading unresolved handles for type system org.apache.xmlbeans.metadata.system.sXMLCONFIG
19:01:10.415 [main] TRACE - Finished loading type system org.apache.xmlbeans.metadata.system.sXMLCONFIG
19:01:10.418 [main] TRACE - Reading unresolved handles for type system org.apache.poi.schemas.ooxml.system.ooxml
19:01:10.601 [main] TRACE - Finished loading type system org.apache.poi.schemas.ooxml.system.ooxml
19:01:10.602 [main] TRACE - Resolving type for handle themefd26doctype
19:01:10.740 [main] TRACE - Resolving type for handle stylesheet5d8bdoctype
19:01:10.759 [main] TRACE - Resolving type for handle ctstylesheet4257type
19:01:10.769 [main] TRACE - Resolving type for handle ctfonts6623type
19:01:10.777 [main] TRACE - Resolving type for handle ctfont14d8type
19:01:10.789 [main] TRACE - Resolving type for handle ctfills2c6ftype
19:01:10.794 [main] TRACE - Resolving type for handle ctfill550ctype
19:01:10.799 [main] TRACE - Resolving type for handle ctborders0d66type
19:01:10.805 [main] TRACE - Resolving type for handle ctborderf935type
19:01:10.812 [main] TRACE - Resolving type for handle ctcellxfs1322type
19:01:10.819 [main] TRACE - Resolving type for handle ctxf97f7type
19:01:10.825 [main] TRACE - Resolving type for handle ctcellstylexfsa81ftype
19:01:10.828 [main] TRACE - Resolving type for handle ctdxfsb26atype
19:01:10.833 [main] TRACE - Resolving type for handle cttablestyles872ftype
19:01:10.842 [main] TRACE - Resolving type for handle sstf81fdoctype
19:01:10.853 [main] TRACE - Resolving type for handle ctsst44f3type
19:01:10.874 [main] TRACE - Resolving type for handle ctrsta472type
19:01:10.905 [main] TRACE - Resolving type for handle workbookec17doctype
19:01:10.921 [main] TRACE - Resolving type for handle ctworkbook83c3type
19:01:10.941 [main] TRACE - Resolving type for handle ctsheets49fdtype
19:01:10.966 [main] TRACE - Resolving type for handle ctsheet4dbetype
19:01:10.972 [main] TRACE - Resolving type for handle strelationshipid1e94type
19:01:10.977 [main] TRACE - Resolving type for handle worksheetf539doctype
19:01:10.989 [main] TRACE - Resolving type for handle ctworksheet530dtype
19:01:11.004 [main] TRACE - Resolving type for handle ctcols627ctype
19:01:11.013 [main] TRACE - Resolving type for handle ctcola95ftype
19:01:11.046 [main] TRACE - Resolving type for handle ctsheetdata8408type
19:01:11.054 [main] TRACE - Resolving type for handle ctrowdd39type
19:01:11.066 [main] TRACE - Resolving type for handle ctcell842btype
19:01:11.082 [main] TRACE - Resolving type for handle stcellrefe4e0type
19:01:11.095 [main] TRACE - Resolving type for handle cthyperlinks6416type
19:01:11.099 [main] TRACE - Resolving type for handle cthyperlink0c85type
19:01:11.112 [main] TRACE - Resolving type for handle stxstringf179type
19:01:11.118 [main] TRACE - Resolving type for handle stcelltypebf95type
19:01:30.147 [main] INFO  - Goto my account-->Click on Login.. 
19:01:34.347 [main] DEBUG - Parsing relationship: /xl/_rels/workbook.xml.rels
19:01:34.350 [main] DEBUG - Parsing relationship: /xl/worksheets/_rels/sheet1.xml.rels
19:01:34.352 [main] DEBUG - Parsing relationship: /_rels/.rels
19:02:16.090 [main] INFO  - Goto my account-->Click on Login.. 
19:02:20.395 [main] DEBUG - Parsing relationship: /xl/_rels/workbook.xml.rels
19:02:20.398 [main] DEBUG - Parsing relationship: /xl/worksheets/_rels/sheet1.xml.rels
19:02:20.400 [main] DEBUG - Parsing relationship: /_rels/.rels
19:02:52.942 [main] INFO  - Goto my account-->Click on Login.. 
19:02:57.751 [main] DEBUG - Parsing relationship: /xl/_rels/workbook.xml.rels
19:02:57.752 [main] DEBUG - Parsing relationship: /xl/worksheets/_rels/sheet1.xml.rels
19:02:57.755 [main] DEBUG - Parsing relationship: /_rels/.rels
19:03:30.987 [main] INFO  - Goto my account-->Click on Login.. 
19:03:35.382 [main] DEBUG - Parsing relationship: /xl/_rels/workbook.xml.rels
19:03:35.385 [main] DEBUG - Parsing relationship: /xl/worksheets/_rels/sheet1.xml.rels
19:03:35.386 [main] DEBUG - Parsing relationship: /_rels/.rels
07:01:49.632 [main] INFO  - Goto my account-->Click on Login.. 
07:01:54.472 [main] DEBUG - Parsing relationship: /xl/_rels/workbook.xml.rels
07:01:54.477 [main] DEBUG - Parsing relationship: /xl/worksheets/_rels/sheet1.xml.rels
07:01:54.480 [main] DEBUG - Parsing relationship: /_rels/.rels
07:01:54.958 [main] TRACE - Loading type system org.apache.poi.schemas.ooxml.system.ooxml
07:01:54.962 [main] TRACE - Loading type system org.apache.xmlbeans.metadata.system.sXMLCONFIG
07:01:54.962 [main] TRACE - Loading type system org.apache.xmlbeans.metadata.system.sXMLLANG
07:01:54.964 [main] TRACE - Loading type system org.apache.xmlbeans.metadata.system.sXMLSCHEMA
07:01:54.965 [main] TRACE - Loading type system org.apache.xmlbeans.metadata.system.sXMLTOOLS
07:01:54.966 [main] TRACE - Reading unresolved handles for type system org.apache.xmlbeans.metadata.system.sXMLTOOLS
07:01:54.986 [main] TRACE - Finished loading type system org.apache.xmlbeans.metadata.system.sXMLTOOLS
07:01:54.988 [main] TRACE - Reading unresolved handles for type system org.apache.xmlbeans.metadata.system.sXMLSCHEMA
07:01:54.997 [main] TRACE - Finished loading type system org.apache.xmlbeans.metadata.system.sXMLSCHEMA
07:01:54.999 [main] TRACE - Reading unresolved handles for type system org.apache.xmlbeans.metadata.system.sXMLLANG
07:01:54.999 [main] TRACE - Finished loading type system org.apache.xmlbeans.metadata.system.sXMLLANG
07:01:55.001 [main] TRACE - Reading unresolved handles for type system org.apache.xmlbeans.metadata.system.sXMLCONFIG
07:01:55.004 [main] TRACE - Finished loading type system org.apache.xmlbeans.metadata.system.sXMLCONFIG
07:01:55.006 [main] TRACE - Reading unresolved handles for type system org.apache.poi.schemas.ooxml.system.ooxml
07:01:55.129 [main] TRACE - Finished loading type system org.apache.poi.schemas.ooxml.system.ooxml
07:01:55.131 [main] TRACE - Resolving type for handle themefd26doctype
07:01:55.267 [main] TRACE - Resolving type for handle stylesheet5d8bdoctype
07:01:55.290 [main] TRACE - Resolving type for handle ctstylesheet4257type
07:01:55.314 [main] TRACE - Resolving type for handle ctfonts6623type
07:01:55.323 [main] TRACE - Resolving type for handle ctfont14d8type
07:01:55.342 [main] TRACE - Resolving type for handle ctfills2c6ftype
07:01:55.349 [main] TRACE - Resolving type for handle ctfill550ctype
07:01:55.354 [main] TRACE - Resolving type for handle ctborders0d66type
07:01:55.364 [main] TRACE - Resolving type for handle ctborderf935type
07:01:55.373 [main] TRACE - Resolving type for handle ctcellxfs1322type
07:01:55.384 [main] TRACE - Resolving type for handle ctxf97f7type
07:01:55.391 [main] TRACE - Resolving type for handle ctcellstylexfsa81ftype
07:01:55.398 [main] TRACE - Resolving type for handle ctdxfsb26atype
07:01:55.404 [main] TRACE - Resolving type for handle cttablestyles872ftype
07:01:55.414 [main] TRACE - Resolving type for handle sstf81fdoctype
07:01:55.426 [main] TRACE - Resolving type for handle ctsst44f3type
07:01:55.446 [main] TRACE - Resolving type for handle ctrsta472type
07:01:55.493 [main] TRACE - Resolving type for handle workbookec17doctype
07:01:55.506 [main] TRACE - Resolving type for handle ctworkbook83c3type
07:01:55.520 [main] TRACE - Resolving type for handle ctsheets49fdtype
07:01:55.526 [main] TRACE - Resolving type for handle ctsheet4dbetype
07:01:55.532 [main] TRACE - Resolving type for handle strelationshipid1e94type
07:01:55.539 [main] TRACE - Resolving type for handle worksheetf539doctype
07:01:55.553 [main] TRACE - Resolving type for handle ctworksheet530dtype
07:01:55.575 [main] TRACE - Resolving type for handle ctcols627ctype
07:01:55.589 [main] TRACE - Resolving type for handle ctcola95ftype
07:01:55.634 [main] TRACE - Resolving type for handle ctsheetdata8408type
07:01:55.640 [main] TRACE - Resolving type for handle ctrowdd39type
07:01:55.652 [main] TRACE - Resolving type for handle ctcell842btype
07:01:55.668 [main] TRACE - Resolving type for handle stcellrefe4e0type
07:01:55.679 [main] TRACE - Resolving type for handle cthyperlinks6416type
07:01:55.686 [main] TRACE - Resolving type for handle cthyperlink0c85type
07:01:55.700 [main] TRACE - Resolving type for handle stxstringf179type
07:01:55.708 [main] TRACE - Resolving type for handle stcelltypebf95type
07:03:03.477 [main] INFO  - Goto my account-->Click on Login.. 
07:03:07.490 [main] DEBUG - Parsing relationship: /xl/_rels/workbook.xml.rels
07:03:07.492 [main] DEBUG - Parsing relationship: /xl/worksheets/_rels/sheet1.xml.rels
07:03:07.494 [main] DEBUG - Parsing relationship: /_rels/.rels
07:03:39.384 [main] INFO  - Goto my account-->Click on Login.. 
07:03:43.502 [main] DEBUG - Parsing relationship: /xl/_rels/workbook.xml.rels
07:03:43.504 [main] DEBUG - Parsing relationship: /xl/worksheets/_rels/sheet1.xml.rels
07:03:43.506 [main] DEBUG - Parsing relationship: /_rels/.rels
07:04:25.069 [main] INFO  - Goto my account-->Click on Login.. 
07:04:30.379 [main] DEBUG - Parsing relationship: /xl/_rels/workbook.xml.rels
07:04:30.384 [main] DEBUG - Parsing relationship: /xl/worksheets/_rels/sheet1.xml.rels
07:04:30.398 [main] DEBUG - Parsing relationship: /_rels/.rels
07:06:11.947 [main] INFO  - Goto my account-->Click on Login.. 
07:06:16.685 [main] DEBUG - Parsing relationship: /xl/_rels/workbook.xml.rels
07:06:16.690 [main] DEBUG - Parsing relationship: /xl/worksheets/_rels/sheet1.xml.rels
07:06:16.693 [main] DEBUG - Parsing relationship: /_rels/.rels
07:06:17.184 [main] TRACE - Loading type system org.apache.poi.schemas.ooxml.system.ooxml
07:06:17.188 [main] TRACE - Loading type system org.apache.xmlbeans.metadata.system.sXMLCONFIG
07:06:17.191 [main] TRACE - Loading type system org.apache.xmlbeans.metadata.system.sXMLLANG
07:06:17.192 [main] TRACE - Loading type system org.apache.xmlbeans.metadata.system.sXMLSCHEMA
07:06:17.193 [main] TRACE - Loading type system org.apache.xmlbeans.metadata.system.sXMLTOOLS
07:06:17.195 [main] TRACE - Reading unresolved handles for type system org.apache.xmlbeans.metadata.system.sXMLTOOLS
07:06:17.215 [main] TRACE - Finished loading type system org.apache.xmlbeans.metadata.system.sXMLTOOLS
07:06:17.217 [main] TRACE - Reading unresolved handles for type system org.apache.xmlbeans.metadata.system.sXMLSCHEMA
07:06:17.227 [main] TRACE - Finished loading type system org.apache.xmlbeans.metadata.system.sXMLSCHEMA
07:06:17.228 [main] TRACE - Reading unresolved handles for type system org.apache.xmlbeans.metadata.system.sXMLLANG
07:06:17.230 [main] TRACE - Finished loading type system org.apache.xmlbeans.metadata.system.sXMLLANG
07:06:17.232 [main] TRACE - Reading unresolved handles for type system org.apache.xmlbeans.metadata.system.sXMLCONFIG
07:06:17.233 [main] TRACE - Finished loading type system org.apache.xmlbeans.metadata.system.sXMLCONFIG
07:06:17.235 [main] TRACE - Reading unresolved handles for type system org.apache.poi.schemas.ooxml.system.ooxml
07:06:17.359 [main] TRACE - Finished loading type system org.apache.poi.schemas.ooxml.system.ooxml
07:06:17.360 [main] TRACE - Resolving type for handle themefd26doctype
07:06:17.486 [main] TRACE - Resolving type for handle stylesheet5d8bdoctype
07:06:17.497 [main] TRACE - Resolving type for handle ctstylesheet4257type
07:06:17.505 [main] TRACE - Resolving type for handle ctfonts6623type
07:06:17.511 [main] TRACE - Resolving type for handle ctfont14d8type
07:06:17.521 [main] TRACE - Resolving type for handle ctfills2c6ftype
07:06:17.525 [main] TRACE - Resolving type for handle ctfill550ctype
07:06:17.531 [main] TRACE - Resolving type for handle ctborders0d66type
07:06:17.537 [main] TRACE - Resolving type for handle ctborderf935type
07:06:17.544 [main] TRACE - Resolving type for handle ctcellxfs1322type
07:06:17.552 [main] TRACE - Resolving type for handle ctxf97f7type
07:06:17.559 [main] TRACE - Resolving type for handle ctcellstylexfsa81ftype
07:06:17.563 [main] TRACE - Resolving type for handle ctdxfsb26atype
07:06:17.569 [main] TRACE - Resolving type for handle cttablestyles872ftype
07:06:17.578 [main] TRACE - Resolving type for handle sstf81fdoctype
07:06:17.590 [main] TRACE - Resolving type for handle ctsst44f3type
07:06:17.607 [main] TRACE - Resolving type for handle ctrsta472type
07:06:17.641 [main] TRACE - Resolving type for handle workbookec17doctype
07:06:17.659 [main] TRACE - Resolving type for handle ctworkbook83c3type
07:06:17.669 [main] TRACE - Resolving type for handle ctsheets49fdtype
07:06:17.675 [main] TRACE - Resolving type for handle ctsheet4dbetype
07:06:17.681 [main] TRACE - Resolving type for handle strelationshipid1e94type
07:06:17.691 [main] TRACE - Resolving type for handle worksheetf539doctype
07:06:17.706 [main] TRACE - Resolving type for handle ctworksheet530dtype
07:06:17.725 [main] TRACE - Resolving type for handle ctcols627ctype
07:06:17.735 [main] TRACE - Resolving type for handle ctcola95ftype
07:06:17.781 [main] TRACE - Resolving type for handle ctsheetdata8408type
07:06:17.787 [main] TRACE - Resolving type for handle ctrowdd39type
07:06:17.802 [main] TRACE - Resolving type for handle ctcell842btype
07:06:17.830 [main] TRACE - Resolving type for handle stcellrefe4e0type
07:06:17.843 [main] TRACE - Resolving type for handle cthyperlinks6416type
07:06:17.848 [main] TRACE - Resolving type for handle cthyperlink0c85type
07:06:17.860 [main] TRACE - Resolving type for handle stxstringf179type
07:06:17.868 [main] TRACE - Resolving type for handle stcelltypebf95type
07:06:34.714 [main] INFO  - Goto my account-->Click on Login.. 
07:06:38.856 [main] DEBUG - Parsing relationship: /xl/_rels/workbook.xml.rels
07:06:38.859 [main] DEBUG - Parsing relationship: /xl/worksheets/_rels/sheet1.xml.rels
07:06:38.861 [main] DEBUG - Parsing relationship: /_rels/.rels
07:07:13.506 [main] INFO  - Goto my account-->Click on Login.. 
07:07:17.625 [main] DEBUG - Parsing relationship: /xl/_rels/workbook.xml.rels
07:07:17.627 [main] DEBUG - Parsing relationship: /xl/worksheets/_rels/sheet1.xml.rels
07:07:17.629 [main] DEBUG - Parsing relationship: /_rels/.rels
07:07:52.915 [main] INFO  - Goto my account-->Click on Login.. 
07:07:56.880 [main] DEBUG - Parsing relationship: /xl/_rels/workbook.xml.rels
07:07:56.881 [main] DEBUG - Parsing relationship: /xl/worksheets/_rels/sheet1.xml.rels
07:07:56.883 [main] DEBUG - Parsing relationship: /_rels/.rels
07:08:29.773 [main] INFO  - Goto my account-->Click on Login.. 
07:08:33.939 [main] DEBUG - Parsing relationship: /xl/_rels/workbook.xml.rels
07:08:33.942 [main] DEBUG - Parsing relationship: /xl/worksheets/_rels/sheet1.xml.rels
07:08:33.945 [main] DEBUG - Parsing relationship: /_rels/.rels
19:36:31.510 [main] INFO  - Goto my account-->Click on Login.. 
19:36:35.186 [main] DEBUG - Parsing relationship: /xl/_rels/workbook.xml.rels
19:36:35.188 [main] DEBUG - Parsing relationship: /xl/worksheets/_rels/sheet1.xml.rels
19:36:35.189 [main] DEBUG - Parsing relationship: /_rels/.rels
19:36:35.318 [main] TRACE - Loading type system org.apache.poi.schemas.ooxml.system.ooxml
19:36:35.319 [main] TRACE - Loading type system org.apache.xmlbeans.metadata.system.sXMLCONFIG
19:36:35.320 [main] TRACE - Loading type system org.apache.xmlbeans.metadata.system.sXMLLANG
19:36:35.320 [main] TRACE - Loading type system org.apache.xmlbeans.metadata.system.sXMLSCHEMA
19:36:35.321 [main] TRACE - Loading type system org.apache.xmlbeans.metadata.system.sXMLTOOLS
19:36:35.322 [main] TRACE - Reading unresolved handles for type system org.apache.xmlbeans.metadata.system.sXMLTOOLS
19:36:35.329 [main] TRACE - Finished loading type system org.apache.xmlbeans.metadata.system.sXMLTOOLS
19:36:35.330 [main] TRACE - Reading unresolved handles for type system org.apache.xmlbeans.metadata.system.sXMLSCHEMA
19:36:35.334 [main] TRACE - Finished loading type system org.apache.xmlbeans.metadata.system.sXMLSCHEMA
19:36:35.335 [main] TRACE - Reading unresolved handles for type system org.apache.xmlbeans.metadata.system.sXMLLANG
19:36:35.335 [main] TRACE - Finished loading type system org.apache.xmlbeans.metadata.system.sXMLLANG
19:36:35.336 [main] TRACE - Reading unresolved handles for type system org.apache.xmlbeans.metadata.system.sXMLCONFIG
19:36:35.337 [main] TRACE - Finished loading type system org.apache.xmlbeans.metadata.system.sXMLCONFIG
19:36:35.337 [main] TRACE - Reading unresolved handles for type system org.apache.poi.schemas.ooxml.system.ooxml
19:36:35.370 [main] TRACE - Finished loading type system org.apache.poi.schemas.ooxml.system.ooxml
19:36:35.371 [main] TRACE - Resolving type for handle themefd26doctype
19:36:35.415 [main] TRACE - Resolving type for handle stylesheet5d8bdoctype
19:36:35.420 [main] TRACE - Resolving type for handle ctstylesheet4257type
19:36:35.424 [main] TRACE - Resolving type for handle ctfonts6623type
19:36:35.426 [main] TRACE - Resolving type for handle ctfont14d8type
19:36:35.431 [main] TRACE - Resolving type for handle ctfills2c6ftype
19:36:35.433 [main] TRACE - Resolving type for handle ctfill550ctype
19:36:35.434 [main] TRACE - Resolving type for handle ctborders0d66type
19:36:35.440 [main] TRACE - Resolving type for handle ctborderf935type
19:36:35.443 [main] TRACE - Resolving type for handle ctcellxfs1322type
19:36:35.445 [main] TRACE - Resolving type for handle ctxf97f7type
19:36:35.447 [main] TRACE - Resolving type for handle ctcellstylexfsa81ftype
19:36:35.449 [main] TRACE - Resolving type for handle ctdxfsb26atype
19:36:35.451 [main] TRACE - Resolving type for handle cttablestyles872ftype
19:36:35.454 [main] TRACE - Resolving type for handle sstf81fdoctype
19:36:35.457 [main] TRACE - Resolving type for handle ctsst44f3type
19:36:35.463 [main] TRACE - Resolving type for handle ctrsta472type
19:36:35.474 [main] TRACE - Resolving type for handle workbookec17doctype
19:36:35.478 [main] TRACE - Resolving type for handle ctworkbook83c3type
19:36:35.481 [main] TRACE - Resolving type for handle ctsheets49fdtype
19:36:35.483 [main] TRACE - Resolving type for handle ctsheet4dbetype
19:36:35.484 [main] TRACE - Resolving type for handle strelationshipid1e94type
19:36:35.486 [main] TRACE - Resolving type for handle worksheetf539doctype
19:36:35.489 [main] TRACE - Resolving type for handle ctworksheet530dtype
19:36:35.495 [main] TRACE - Resolving type for handle ctcols627ctype
19:36:35.498 [main] TRACE - Resolving type for handle ctcola95ftype
19:36:35.508 [main] TRACE - Resolving type for handle ctsheetdata8408type
19:36:35.510 [main] TRACE - Resolving type for handle ctrowdd39type
19:36:35.513 [main] TRACE - Resolving type for handle ctcell842btype
19:36:35.518 [main] TRACE - Resolving type for handle stcellrefe4e0type
19:36:35.522 [main] TRACE - Resolving type for handle cthyperlinks6416type
19:36:35.524 [main] TRACE - Resolving type for handle cthyperlink0c85type
19:36:35.528 [main] TRACE - Resolving type for handle stxstringf179type
19:36:35.530 [main] TRACE - Resolving type for handle stcelltypebf95type
19:36:45.481 [main] INFO  - Goto my account-->Click on Login.. 
19:36:49.019 [main] DEBUG - Parsing relationship: /xl/_rels/workbook.xml.rels
19:36:49.020 [main] DEBUG - Parsing relationship: /xl/worksheets/_rels/sheet1.xml.rels
19:36:49.020 [main] DEBUG - Parsing relationship: /_rels/.rels
19:37:18.290 [main] INFO  - Goto my account-->Click on Login.. 
19:37:21.839 [main] DEBUG - Parsing relationship: /xl/_rels/workbook.xml.rels
19:37:21.839 [main] DEBUG - Parsing relationship: /xl/worksheets/_rels/sheet1.xml.rels
19:37:21.840 [main] DEBUG - Parsing relationship: /_rels/.rels
19:37:51.593 [main] INFO  - Goto my account-->Click on Login.. 
19:37:55.214 [main] DEBUG - Parsing relationship: /xl/_rels/workbook.xml.rels
19:37:55.215 [main] DEBUG - Parsing relationship: /xl/worksheets/_rels/sheet1.xml.rels
19:37:55.215 [main] DEBUG - Parsing relationship: /_rels/.rels
19:38:24.340 [main] INFO  - Goto my account-->Click on Login.. 
19:38:27.869 [main] DEBUG - Parsing relationship: /xl/_rels/workbook.xml.rels
19:38:27.870 [main] DEBUG - Parsing relationship: /xl/worksheets/_rels/sheet1.xml.rels
19:38:27.871 [main] DEBUG - Parsing relationship: /_rels/.rels
04:38:43.038 [main] INFO  - Goto my account-->Click on Login.. 
04:38:46.705 [main] DEBUG - Parsing relationship: /xl/_rels/workbook.xml.rels
04:38:46.705 [main] DEBUG - Parsing relationship: /xl/worksheets/_rels/sheet1.xml.rels
04:38:46.705 [main] DEBUG - Parsing relationship: /_rels/.rels
04:38:46.830 [main] TRACE - Loading type system org.apache.poi.schemas.ooxml.system.ooxml
04:38:46.846 [main] TRACE - Loading type system org.apache.xmlbeans.metadata.system.sXMLCONFIG
04:38:46.846 [main] TRACE - Loading type system org.apache.xmlbeans.metadata.system.sXMLLANG
04:38:46.846 [main] TRACE - Loading type system org.apache.xmlbeans.metadata.system.sXMLSCHEMA
04:38:46.846 [main] TRACE - Loading type system org.apache.xmlbeans.metadata.system.sXMLTOOLS
04:38:46.846 [main] TRACE - Reading unresolved handles for type system org.apache.xmlbeans.metadata.system.sXMLTOOLS
04:38:46.846 [main] TRACE - Finished loading type system org.apache.xmlbeans.metadata.system.sXMLTOOLS
04:38:46.846 [main] TRACE - Reading unresolved handles for type system org.apache.xmlbeans.metadata.system.sXMLSCHEMA
04:38:46.862 [main] TRACE - Finished loading type system org.apache.xmlbeans.metadata.system.sXMLSCHEMA
04:38:46.862 [main] TRACE - Reading unresolved handles for type system org.apache.xmlbeans.metadata.system.sXMLLANG
04:38:46.862 [main] TRACE - Finished loading type system org.apache.xmlbeans.metadata.system.sXMLLANG
04:38:46.862 [main] TRACE - Reading unresolved handles for type system org.apache.xmlbeans.metadata.system.sXMLCONFIG
04:38:46.862 [main] TRACE - Finished loading type system org.apache.xmlbeans.metadata.system.sXMLCONFIG
04:38:46.862 [main] TRACE - Reading unresolved handles for type system org.apache.poi.schemas.ooxml.system.ooxml
04:38:46.893 [main] TRACE - Finished loading type system org.apache.poi.schemas.ooxml.system.ooxml
04:38:46.893 [main] TRACE - Resolving type for handle themefd26doctype
04:38:46.940 [main] TRACE - Resolving type for handle stylesheet5d8bdoctype
04:38:46.940 [main] TRACE - Resolving type for handle ctstylesheet4257type
04:38:46.940 [main] TRACE - Resolving type for handle ctfonts6623type
04:38:46.940 [main] TRACE - Resolving type for handle ctfont14d8type
04:38:46.955 [main] TRACE - Resolving type for handle ctfills2c6ftype
04:38:46.955 [main] TRACE - Resolving type for handle ctfill550ctype
04:38:46.955 [main] TRACE - Resolving type for handle ctborders0d66type
04:38:46.955 [main] TRACE - Resolving type for handle ctborderf935type
04:38:46.955 [main] TRACE - Resolving type for handle ctcellxfs1322type
04:38:46.971 [main] TRACE - Resolving type for handle ctxf97f7type
04:38:46.971 [main] TRACE - Resolving type for handle ctcellstylexfsa81ftype
04:38:46.971 [main] TRACE - Resolving type for handle ctdxfsb26atype
04:38:46.971 [main] TRACE - Resolving type for handle cttablestyles872ftype
04:38:46.971 [main] TRACE - Resolving type for handle sstf81fdoctype
04:38:46.971 [main] TRACE - Resolving type for handle ctsst44f3type
04:38:46.987 [main] TRACE - Resolving type for handle ctrsta472type
04:38:46.987 [main] TRACE - Resolving type for handle workbookec17doctype
04:38:46.987 [main] TRACE - Resolving type for handle ctworkbook83c3type
04:38:47.002 [main] TRACE - Resolving type for handle ctsheets49fdtype
04:38:47.002 [main] TRACE - Resolving type for handle ctsheet4dbetype
04:38:47.002 [main] TRACE - Resolving type for handle strelationshipid1e94type
04:38:47.002 [main] TRACE - Resolving type for handle worksheetf539doctype
04:38:47.002 [main] TRACE - Resolving type for handle ctworksheet530dtype
04:38:47.018 [main] TRACE - Resolving type for handle ctcols627ctype
04:38:47.018 [main] TRACE - Resolving type for handle ctcola95ftype
04:38:47.033 [main] TRACE - Resolving type for handle ctsheetdata8408type
04:38:47.033 [main] TRACE - Resolving type for handle ctrowdd39type
04:38:47.033 [main] TRACE - Resolving type for handle ctcell842btype
04:38:47.033 [main] TRACE - Resolving type for handle stcellrefe4e0type
04:38:47.049 [main] TRACE - Resolving type for handle cthyperlinks6416type
04:38:47.049 [main] TRACE - Resolving type for handle cthyperlink0c85type
04:38:47.049 [main] TRACE - Resolving type for handle stxstringf179type
04:38:47.049 [main] TRACE - Resolving type for handle stcelltypebf95type
04:38:57.233 [main] INFO  - Goto my account-->Click on Login.. 
04:39:00.800 [main] DEBUG - Parsing relationship: /xl/_rels/workbook.xml.rels
04:39:00.800 [main] DEBUG - Parsing relationship: /xl/worksheets/_rels/sheet1.xml.rels
04:39:00.800 [main] DEBUG - Parsing relationship: /_rels/.rels
04:39:30.021 [main] INFO  - Goto my account-->Click on Login.. 
04:39:33.544 [main] DEBUG - Parsing relationship: /xl/_rels/workbook.xml.rels
04:39:33.544 [main] DEBUG - Parsing relationship: /xl/worksheets/_rels/sheet1.xml.rels
04:39:33.544 [main] DEBUG - Parsing relationship: /_rels/.rels
04:40:02.420 [main] INFO  - Goto my account-->Click on Login.. 
04:40:07.242 [main] DEBUG - Parsing relationship: /xl/_rels/workbook.xml.rels
04:40:07.242 [main] DEBUG - Parsing relationship: /xl/worksheets/_rels/sheet1.xml.rels
04:40:07.242 [main] DEBUG - Parsing relationship: /_rels/.rels
04:40:36.267 [main] INFO  - Goto my account-->Click on Login.. 
04:40:39.780 [main] DEBUG - Parsing relationship: /xl/_rels/workbook.xml.rels
04:40:39.780 [main] DEBUG - Parsing relationship: /xl/worksheets/_rels/sheet1.xml.rels
04:40:39.780 [main] DEBUG - Parsing relationship: /_rels/.rels
20:45:37.085 [main] INFO  - Goto my account-->Click on Login.. 
20:45:40.708 [main] DEBUG - Parsing relationship: /xl/_rels/workbook.xml.rels
20:45:40.710 [main] DEBUG - Parsing relationship: /xl/worksheets/_rels/sheet1.xml.rels
20:45:40.711 [main] DEBUG - Parsing relationship: /_rels/.rels
20:45:40.835 [main] TRACE - Loading type system org.apache.poi.schemas.ooxml.system.ooxml
20:45:40.837 [main] TRACE - Loading type system org.apache.xmlbeans.metadata.system.sXMLCONFIG
20:45:40.838 [main] TRACE - Loading type system org.apache.xmlbeans.metadata.system.sXMLLANG
20:45:40.838 [main] TRACE - Loading type system org.apache.xmlbeans.metadata.system.sXMLSCHEMA
20:45:40.838 [main] TRACE - Loading type system org.apache.xmlbeans.metadata.system.sXMLTOOLS
20:45:40.839 [main] TRACE - Reading unresolved handles for type system org.apache.xmlbeans.metadata.system.sXMLTOOLS
20:45:40.848 [main] TRACE - Finished loading type system org.apache.xmlbeans.metadata.system.sXMLTOOLS
20:45:40.848 [main] TRACE - Reading unresolved handles for type system org.apache.xmlbeans.metadata.system.sXMLSCHEMA
20:45:40.852 [main] TRACE - Finished loading type system org.apache.xmlbeans.metadata.system.sXMLSCHEMA
20:45:40.852 [main] TRACE - Reading unresolved handles for type system org.apache.xmlbeans.metadata.system.sXMLLANG
20:45:40.853 [main] TRACE - Finished loading type system org.apache.xmlbeans.metadata.system.sXMLLANG
20:45:40.854 [main] TRACE - Reading unresolved handles for type system org.apache.xmlbeans.metadata.system.sXMLCONFIG
20:45:40.854 [main] TRACE - Finished loading type system org.apache.xmlbeans.metadata.system.sXMLCONFIG
20:45:40.855 [main] TRACE - Reading unresolved handles for type system org.apache.poi.schemas.ooxml.system.ooxml
20:45:40.896 [main] TRACE - Finished loading type system org.apache.poi.schemas.ooxml.system.ooxml
20:45:40.896 [main] TRACE - Resolving type for handle themefd26doctype
20:45:40.940 [main] TRACE - Resolving type for handle stylesheet5d8bdoctype
20:45:40.946 [main] TRACE - Resolving type for handle ctstylesheet4257type
20:45:40.950 [main] TRACE - Resolving type for handle ctfonts6623type
20:45:40.952 [main] TRACE - Resolving type for handle ctfont14d8type
20:45:40.957 [main] TRACE - Resolving type for handle ctfills2c6ftype
20:45:40.959 [main] TRACE - Resolving type for handle ctfill550ctype
20:45:40.960 [main] TRACE - Resolving type for handle ctborders0d66type
20:45:40.962 [main] TRACE - Resolving type for handle ctborderf935type
20:45:40.965 [main] TRACE - Resolving type for handle ctcellxfs1322type
20:45:40.968 [main] TRACE - Resolving type for handle ctxf97f7type
20:45:40.970 [main] TRACE - Resolving type for handle ctcellstylexfsa81ftype
20:45:40.972 [main] TRACE - Resolving type for handle ctdxfsb26atype
20:45:40.973 [main] TRACE - Resolving type for handle cttablestyles872ftype
20:45:40.976 [main] TRACE - Resolving type for handle sstf81fdoctype
20:45:40.979 [main] TRACE - Resolving type for handle ctsst44f3type
20:45:40.985 [main] TRACE - Resolving type for handle ctrsta472type
20:45:40.996 [main] TRACE - Resolving type for handle workbookec17doctype
20:45:40.999 [main] TRACE - Resolving type for handle ctworkbook83c3type
20:45:41.002 [main] TRACE - Resolving type for handle ctsheets49fdtype
20:45:41.004 [main] TRACE - Resolving type for handle ctsheet4dbetype
20:45:41.005 [main] TRACE - Resolving type for handle strelationshipid1e94type
20:45:41.007 [main] TRACE - Resolving type for handle worksheetf539doctype
20:45:41.010 [main] TRACE - Resolving type for handle ctworksheet530dtype
20:45:41.015 [main] TRACE - Resolving type for handle ctcols627ctype
20:45:41.018 [main] TRACE - Resolving type for handle ctcola95ftype
20:45:41.029 [main] TRACE - Resolving type for handle ctsheetdata8408type
20:45:41.031 [main] TRACE - Resolving type for handle ctrowdd39type
20:45:41.034 [main] TRACE - Resolving type for handle ctcell842btype
20:45:41.039 [main] TRACE - Resolving type for handle stcellrefe4e0type
20:45:41.043 [main] TRACE - Resolving type for handle cthyperlinks6416type
20:45:41.045 [main] TRACE - Resolving type for handle cthyperlink0c85type
20:45:41.049 [main] TRACE - Resolving type for handle stxstringf179type
20:45:41.051 [main] TRACE - Resolving type for handle stcelltypebf95type
20:45:50.491 [main] INFO  - Goto my account-->Click on Login.. 
20:45:54.004 [main] DEBUG - Parsing relationship: /xl/_rels/workbook.xml.rels
20:45:54.005 [main] DEBUG - Parsing relationship: /xl/worksheets/_rels/sheet1.xml.rels
20:45:54.006 [main] DEBUG - Parsing relationship: /_rels/.rels
20:46:22.928 [main] INFO  - Goto my account-->Click on Login.. 
20:46:26.444 [main] DEBUG - Parsing relationship: /xl/_rels/workbook.xml.rels
20:46:26.445 [main] DEBUG - Parsing relationship: /xl/worksheets/_rels/sheet1.xml.rels
20:46:26.445 [main] DEBUG - Parsing relationship: /_rels/.rels
20:46:55.043 [main] INFO  - Goto my account-->Click on Login.. 
20:46:58.568 [main] DEBUG - Parsing relationship: /xl/_rels/workbook.xml.rels
20:46:58.568 [main] DEBUG - Parsing relationship: /xl/worksheets/_rels/sheet1.xml.rels
20:46:58.569 [main] DEBUG - Parsing relationship: /_rels/.rels
20:47:27.100 [main] INFO  - Goto my account-->Click on Login.. 
20:47:30.600 [main] DEBUG - Parsing relationship: /xl/_rels/workbook.xml.rels
20:47:30.601 [main] DEBUG - Parsing relationship: /xl/worksheets/_rels/sheet1.xml.rels
20:47:30.601 [main] DEBUG - Parsing relationship: /_rels/.rels
